[debug] [2023-06-26T11:42:27.178Z] ----------------------------------------------------------------------
[debug] [2023-06-26T11:42:27.179Z] Command:       /usr/local/bin/node /usr/local/bin/firebase init
[debug] [2023-06-26T11:42:27.179Z] CLI Version:   12.3.1
[debug] [2023-06-26T11:42:27.179Z] Platform:      darwin
[debug] [2023-06-26T11:42:27.179Z] Node Version:  v16.13.0
[debug] [2023-06-26T11:42:27.183Z] Time:          Mon Jun 26 2023 07:42:27 GMT-0400 (Eastern Daylight Time)
[debug] [2023-06-26T11:42:27.183Z] ----------------------------------------------------------------------
[debug] 
[debug] [2023-06-26T11:42:27.214Z] > command requires scopes: ["email","openid","https://www.googleapis.com/auth/cloudplatformprojects.readonly","https://www.googleapis.com/auth/firebase","https://www.googleapis.com/auth/cloud-platform"]
[debug] [2023-06-26T11:42:27.214Z] > authorizing via signed-in user (mrtomd@gmail.com)
[info] 
     ######## #### ########  ######## ########     ###     ######  ########
     ##        ##  ##     ## ##       ##     ##  ##   ##  ##       ##
     ######    ##  ########  ######   ########  #########  ######  ######
     ##        ##  ##    ##  ##       ##     ## ##     ##       ## ##
     ##       #### ##     ## ######## ########  ##     ##  ######  ########

You're about to initialize a Firebase project in this directory:

  /Users/tom/Repos/fastdefitutorialcom

Before we get started, keep in mind:

  * You are initializing within an existing Firebase project directory

[info] 
=== Project Setup
[info] 
[info] First, let's associate this project directory with a Firebase project.
[info] You can create multiple project aliases by running firebase use --add, 
[info] but for now we'll just set up a default project.
[info] 
[debug] [2023-06-26T11:43:16.718Z] Using project from CLI flag: test-deploy-td-1
[debug] [2023-06-26T11:43:16.721Z] >>> [apiv2][query] GET https://firebase.googleapis.com/v1beta1/projects/test-deploy-td-1 [none]
[debug] [2023-06-26T11:43:17.205Z] <<< [apiv2][status] GET https://firebase.googleapis.com/v1beta1/projects/test-deploy-td-1 200
[debug] [2023-06-26T11:43:17.205Z] <<< [apiv2][body] GET https://firebase.googleapis.com/v1beta1/projects/test-deploy-td-1 {"projectId":"test-deploy-td-1","projectNumber":"267966488817","displayName":"test-deploy-td-1","name":"projects/test-deploy-td-1","resources":{"hostingSite":"test-deploy-td-1"},"state":"ACTIVE","etag":"1_113e6917-0ffb-4a61-b0b3-fc5b13fc7695"}
[info] i  Using project test-deploy-td-1 (test-deploy-td-1) 
[info] 
=== Hosting Setup
[info] 
[info] Your public directory is the folder (relative to your project directory) that
[info] will contain Hosting assets to be uploaded with firebase deploy. If you
[info] have a build process for your assets, use your build's output directory.
[info] 
[debug] [2023-06-26T11:43:46.911Z] >>> [apiv2][query] GET https://www.gstatic.com/firebasejs/releases.json [none]
[debug] [2023-06-26T11:43:47.133Z] <<< [apiv2][status] GET https://www.gstatic.com/firebasejs/releases.json 200
[debug] [2023-06-26T11:43:47.134Z] <<< [apiv2][body] GET https://www.gstatic.com/firebasejs/releases.json {"current":{"version":"9.23.0","browserURL":"https://www.gstatic.com/firebasejs/9.23.0/firebase.js","packageURL":"https://www.gstatic.com/firebasejs/9.23.0/firebase.tgz"},"live":{"version":"9.23","browserURL":"https://www.gstatic.com/firebasejs/live/9.23/firebase.js","packageURL":"https://www.gstatic.com/firebasejs/live/9.23/firebase.tgz"},"components":{"analytics":"https://www.gstatic.com/firebasejs/9.23.0/firebase-analytics.js","app":"https://www.gstatic.com/firebasejs/9.23.0/firebase-app.js","app-check":"https://www.gstatic.com/firebasejs/9.23.0/firebase-app-check.js","auth":"https://www.gstatic.com/firebasejs/9.23.0/firebase-auth.js","auth/cordova":"https://www.gstatic.com/firebasejs/9.23.0/firebase-auth/cordova.js","auth/react-native":"https://www.gstatic.com/firebasejs/9.23.0/firebase-auth/react-native.js","functions":"https://www.gstatic.com/firebasejs/9.23.0/firebase-functions.js","firestore":"https://www.gstatic.com/firebasejs/9.23.0/firebase-firestore.js","firestore/lite":"https://www.gstatic.com/firebasejs/9.23.0/firebase-firestore/lite.js","installations":"https://www.gstatic.com/firebasejs/9.23.0/firebase-installations.js","storage":"https://www.gstatic.com/firebasejs/9.23.0/firebase-storage.js","performance":"https://www.gstatic.com/firebasejs/9.23.0/firebase-performance.js","remote-config":"https://www.gstatic.com/firebasejs/9.23.0/firebase-remote-config.js","messaging":"https://www.gstatic.com/firebasejs/9.23.0/firebase-messaging.js","messaging/sw":"https://www.gstatic.com/firebasejs/9.23.0/firebase-messaging/sw.js","database":"https://www.gstatic.com/firebasejs/9.23.0/firebase-database.js","firestore.memory":"https://www.gstatic.com/firebasejs/9.23.0/firebase-firestore.memory.js"}}
[info] i  Skipping write of build/index.html 
[info] 
[info] i  Detected a .git folder at /Users/tom/Repos/fastdefitutorialcom 
[info] i  Authorizing with GitHub to upload your service account to a GitHub repository's secrets store. 
[info] 
[info] Visit this URL on this device to log in:
[info] https://github.com/login/oauth/authorize?client_id=89cf50f02ac6aaed3484&state=230357963&redirect_uri=http%3A%2F%2Flocalhost%3A9005&scope=read%3Auser%20repo%20public_repo
[info] 
[info] Waiting for authentication...
[debug] [2023-06-26T11:44:06.680Z] >>> [apiv2][query] POST https://github.com/login/oauth/access_token [none]
[debug] [2023-06-26T11:44:06.683Z] >>> [apiv2][body] POST https://github.com/login/oauth/access_token [stream]
[debug] [2023-06-26T11:44:06.990Z] <<< [apiv2][status] POST https://github.com/login/oauth/access_token 200
[debug] [2023-06-26T11:44:06.991Z] <<< [apiv2][body] POST https://github.com/login/oauth/access_token {"access_token":"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","token_type":"bearer","scope":"read:user,repo"}
[debug] [2023-06-26T11:44:07.006Z] >>> [apiv2][query] GET https://api.github.com/user [none]
[debug] [2023-06-26T11:44:07.339Z] <<< [apiv2][status] GET https://api.github.com/user 200
[debug] [2023-06-26T11:44:07.340Z] <<< [apiv2][body] GET https://api.github.com/user {"login":"tomuky","id":24991297,"node_id":"MDQ6VXNlcjI0OTkxMjk3","avatar_url":"https://avatars.githubusercontent.com/u/24991297?v=4","gravatar_id":"","url":"https://api.github.com/users/tomuky","html_url":"https://github.com/tomuky","followers_url":"https://api.github.com/users/tomuky/followers","following_url":"https://api.github.com/users/tomuky/following{/other_user}","gists_url":"https://api.github.com/users/tomuky/gists{/gist_id}","starred_url":"https://api.github.com/users/tomuky/starred{/owner}{/repo}","subscriptions_url":"https://api.github.com/users/tomuky/subscriptions","organizations_url":"https://api.github.com/users/tomuky/orgs","repos_url":"https://api.github.com/users/tomuky/repos","events_url":"https://api.github.com/users/tomuky/events{/privacy}","received_events_url":"https://api.github.com/users/tomuky/received_events","type":"User","site_admin":false,"name":"Tom","company":null,"blog":"tom.codes","location":null,"email":null,"hireable":null,"bio":"Learned to code to create anything out of nothing","twitter_username":"tomuky","public_repos":1,"public_gists":1,"followers":18,"following":1,"created_at":"2017-01-08T16:37:29Z","updated_at":"2023-06-26T11:44:05Z","private_gists":0,"total_private_repos":2,"owned_private_repos":2,"disk_usage":10005,"collaborators":0,"two_factor_authentication":false,"plan":{"name":"free","space":976562499,"collaborators":0,"private_repos":10000}}
[info] 
[info] ✔  Success! Logged into GitHub as tomuky 
[info] 
